Analysis & Synthesis report for Lab3
Thu Oct 31 00:27:23 2024
Quartus Prime Version 23.1std.1 Build 993 05/14/2024 SC Lite Edition


---------------------
; Table of Contents ;
---------------------
  1. Legal Notice
  2. Analysis & Synthesis Summary
  3. Analysis & Synthesis Settings
  4. Parallel Compilation
  5. Analysis & Synthesis Source Files Read
  6. Analysis & Synthesis Resource Usage Summary
  7. Analysis & Synthesis Resource Utilization by Entity
  8. General Register Statistics
  9. Post-Synthesis Netlist Statistics for Top Partition
 10. Elapsed Time Per Partition
 11. Analysis & Synthesis Messages



----------------
; Legal Notice ;
----------------
Copyright (C) 2024  Intel Corporation. All rights reserved.
Your use of Intel Corporation's design tools, logic functions 
and other software and tools, and any partner logic 
functions, and any output files from any of the foregoing 
(including device programming or simulation files), and any 
associated documentation or information are expressly subject 
to the terms and conditions of the Intel Program License 
Subscription Agreement, the Intel Quartus Prime License Agreement,
the Intel FPGA IP License Agreement, or other applicable license
agreement, including, without limitation, that your use is for
the sole purpose of programming logic devices manufactured by
Intel and sold by Intel or its authorized distributors.  Please
refer to the applicable agreement for further details, at
https://fpgasoftware.intel.com/eula.



+-------------------------------------------------------------------------------------+
; Analysis & Synthesis Summary                                                        ;
+------------------------------------+------------------------------------------------+
; Analysis & Synthesis Status        ; Successful - Thu Oct 31 00:27:23 2024          ;
; Quartus Prime Version              ; 23.1std.1 Build 993 05/14/2024 SC Lite Edition ;
; Revision Name                      ; Lab3                                           ;
; Top-level Entity Name              ; Lab3b_BCD                                      ;
; Family                             ; Cyclone IV E                                   ;
; Total logic elements               ; 68                                             ;
;     Total combinational functions  ; 68                                             ;
;     Dedicated logic registers      ; 42                                             ;
; Total registers                    ; 42                                             ;
; Total pins                         ; 13                                             ;
; Total virtual pins                 ; 0                                              ;
; Total memory bits                  ; 0                                              ;
; Embedded Multiplier 9-bit elements ; 0                                              ;
; Total PLLs                         ; 0                                              ;
+------------------------------------+------------------------------------------------+


+------------------------------------------------------------------------------------------------------------+
; Analysis & Synthesis Settings                                                                              ;
+------------------------------------------------------------------+--------------------+--------------------+
; Option                                                           ; Setting            ; Default Value      ;
+------------------------------------------------------------------+--------------------+--------------------+
; Device                                                           ; EP4CE6E22C8        ;                    ;
; Top-level entity name                                            ; Lab3b_BCD          ; Lab3               ;
; Family name                                                      ; Cyclone IV E       ; Cyclone V          ;
; Use smart compilation                                            ; Off                ; Off                ;
; Enable parallel Assembler and Timing Analyzer during compilation ; On                 ; On                 ;
; Enable compact report table                                      ; Off                ; Off                ;
; Restructure Multiplexers                                         ; Auto               ; Auto               ;
; Create Debugging Nodes for IP Cores                              ; Off                ; Off                ;
; Preserve fewer node names                                        ; On                 ; On                 ;
; Intel FPGA IP Evaluation Mode                                    ; Enable             ; Enable             ;
; Verilog Version                                                  ; Verilog_2001       ; Verilog_2001       ;
; VHDL Version                                                     ; VHDL_1993          ; VHDL_1993          ;
; State Machine Processing                                         ; Auto               ; Auto               ;
; Safe State Machine                                               ; Off                ; Off                ;
; Extract Verilog State Machines                                   ; On                 ; On                 ;
; Extract VHDL State Machines                                      ; On                 ; On                 ;
; Ignore Verilog initial constructs                                ; Off                ; Off                ;
; Iteration limit for constant Verilog loops                       ; 5000               ; 5000               ;
; Iteration limit for non-constant Verilog loops                   ; 250                ; 250                ;
; Add Pass-Through Logic to Inferred RAMs                          ; On                 ; On                 ;
; Infer RAMs from Raw Logic                                        ; On                 ; On                 ;
; Parallel Synthesis                                               ; On                 ; On                 ;
; DSP Block Balancing                                              ; Auto               ; Auto               ;
; NOT Gate Push-Back                                               ; On                 ; On                 ;
; Power-Up Don't Care                                              ; On                 ; On                 ;
; Remove Redundant Logic Cells                                     ; Off                ; Off                ;
; Remove Duplicate Registers                                       ; On                 ; On                 ;
; Ignore CARRY Buffers                                             ; Off                ; Off                ;
; Ignore CASCADE Buffers                                           ; Off                ; Off                ;
; Ignore GLOBAL Buffers                                            ; Off                ; Off                ;
; Ignore ROW GLOBAL Buffers                                        ; Off                ; Off                ;
; Ignore LCELL Buffers                                             ; Off                ; Off                ;
; Ignore SOFT Buffers                                              ; On                 ; On                 ;
; Limit AHDL Integers to 32 Bits                                   ; Off                ; Off                ;
; Optimization Technique                                           ; Balanced           ; Balanced           ;
; Carry Chain Length                                               ; 70                 ; 70                 ;
; Auto Carry Chains                                                ; On                 ; On                 ;
; Auto Open-Drain Pins                                             ; On                 ; On                 ;
; Perform WYSIWYG Primitive Resynthesis                            ; Off                ; Off                ;
; Auto ROM Replacement                                             ; On                 ; On                 ;
; Auto RAM Replacement                                             ; On                 ; On                 ;
; Auto DSP Block Replacement                                       ; On                 ; On                 ;
; Auto Shift Register Replacement                                  ; Auto               ; Auto               ;
; Allow Shift Register Merging across Hierarchies                  ; Auto               ; Auto               ;
; Auto Clock Enable Replacement                                    ; On                 ; On                 ;
; Strict RAM Replacement                                           ; Off                ; Off                ;
; Allow Synchronous Control Signals                                ; On                 ; On                 ;
; Force Use of Synchronous Clear Signals                           ; Off                ; Off                ;
; Auto RAM Block Balancing                                         ; On                 ; On                 ;
; Auto RAM to Logic Cell Conversion                                ; Off                ; Off                ;
; Auto Resource Sharing                                            ; Off                ; Off                ;
; Allow Any RAM Size For Recognition                               ; Off                ; Off                ;
; Allow Any ROM Size For Recognition                               ; Off                ; Off                ;
; Allow Any Shift Register Size For Recognition                    ; Off                ; Off                ;
; Use LogicLock Constraints during Resource Balancing              ; On                 ; On                 ;
; Ignore translate_off and synthesis_off directives                ; Off                ; Off                ;
; Timing-Driven Synthesis                                          ; On                 ; On                 ;
; Report Parameter Settings                                        ; On                 ; On                 ;
; Report Source Assignments                                        ; On                 ; On                 ;
; Report Connectivity Checks                                       ; On                 ; On                 ;
; Ignore Maximum Fan-Out Assignments                               ; Off                ; Off                ;
; Synchronization Register Chain Length                            ; 2                  ; 2                  ;
; Power Optimization During Synthesis                              ; Normal compilation ; Normal compilation ;
; HDL message level                                                ; Level2             ; Level2             ;
; Suppress Register Optimization Related Messages                  ; Off                ; Off                ;
; Number of Removed Registers Reported in Synthesis Report         ; 5000               ; 5000               ;
; Number of Swept Nodes Reported in Synthesis Report               ; 5000               ; 5000               ;
; Number of Inverted Registers Reported in Synthesis Report        ; 100                ; 100                ;
; Clock MUX Protection                                             ; On                 ; On                 ;
; Auto Gated Clock Conversion                                      ; Off                ; Off                ;
; Block Design Naming                                              ; Auto               ; Auto               ;
; SDC constraint protection                                        ; Off                ; Off                ;
; Synthesis Effort                                                 ; Auto               ; Auto               ;
; Shift Register Replacement - Allow Asynchronous Clear Signal     ; On                 ; On                 ;
; Pre-Mapping Resynthesis Optimization                             ; Off                ; Off                ;
; Analysis & Synthesis Message Level                               ; Medium             ; Medium             ;
; Disable Register Merging Across Hierarchies                      ; Auto               ; Auto               ;
; Resource Aware Inference For Block RAM                           ; On                 ; On                 ;
+------------------------------------------------------------------+--------------------+--------------------+


+------------------------------------------+
; Parallel Compilation                     ;
+----------------------------+-------------+
; Processors                 ; Number      ;
+----------------------------+-------------+
; Number detected on machine ; 16          ;
; Maximum allowed            ; 10          ;
;                            ;             ;
; Average used               ; 1.00        ;
; Maximum used               ; 10          ;
;                            ;             ;
; Usage by Processor         ; % Time Used ;
;     Processor 1            ; 100.0%      ;
;     Processor 2            ;   0.0%      ;
;     Processors 3-10        ;   0.0%      ;
+----------------------------+-------------+


+-----------------------------------------------------------------------------------------------------------------------------------------------------------------------+
; Analysis & Synthesis Source Files Read                                                                                                                                ;
+----------------------------------+-----------------+------------------------------------+-------------------------------------------------------------------+---------+
; File Name with User-Entered Path ; Used in Netlist ; File Type                          ; File Name with Absolute Path                                      ; Library ;
+----------------------------------+-----------------+------------------------------------+-------------------------------------------------------------------+---------+
; E.bdf                            ; yes             ; User Block Diagram/Schematic File  ; /home/jaylen/Documents/Quartus/Lab_4/E.bdf                        ;         ;
; Ripple4.bdf                      ; yes             ; User Block Diagram/Schematic File  ; /home/jaylen/Documents/Quartus/Lab_4/Ripple4.bdf                  ;         ;
; G.bdf                            ; yes             ; User Block Diagram/Schematic File  ; /home/jaylen/Documents/Quartus/Lab_4/G.bdf                        ;         ;
; F.bdf                            ; yes             ; User Block Diagram/Schematic File  ; /home/jaylen/Documents/Quartus/Lab_4/F.bdf                        ;         ;
; D.bdf                            ; yes             ; User Block Diagram/Schematic File  ; /home/jaylen/Documents/Quartus/Lab_4/D.bdf                        ;         ;
; C.bdf                            ; yes             ; User Block Diagram/Schematic File  ; /home/jaylen/Documents/Quartus/Lab_4/C.bdf                        ;         ;
; Bin_to_Hex.bdf                   ; yes             ; User Block Diagram/Schematic File  ; /home/jaylen/Documents/Quartus/Lab_4/Bin_to_Hex.bdf               ;         ;
; B.bdf                            ; yes             ; User Block Diagram/Schematic File  ; /home/jaylen/Documents/Quartus/Lab_4/B.bdf                        ;         ;
; A.bdf                            ; yes             ; User Block Diagram/Schematic File  ; /home/jaylen/Documents/Quartus/Lab_4/A.bdf                        ;         ;
; 4to1Mux.bdf                      ; yes             ; User Block Diagram/Schematic File  ; /home/jaylen/Documents/Quartus/Lab_4/4to1Mux.bdf                  ;         ;
; 2_to_4_DeMUX.bdf                 ; yes             ; User Block Diagram/Schematic File  ; /home/jaylen/Documents/Quartus/Lab_4/2_to_4_DeMUX.bdf             ;         ;
; output_files/D0.bdf              ; yes             ; User Block Diagram/Schematic File  ; /home/jaylen/Documents/Quartus/Lab_4/output_files/D0.bdf          ;         ;
; output_files/D1.bdf              ; yes             ; User Block Diagram/Schematic File  ; /home/jaylen/Documents/Quartus/Lab_4/output_files/D1.bdf          ;         ;
; output_files/D2.bdf              ; yes             ; User Block Diagram/Schematic File  ; /home/jaylen/Documents/Quartus/Lab_4/output_files/D2.bdf          ;         ;
; output_files/D3.bdf              ; yes             ; User Block Diagram/Schematic File  ; /home/jaylen/Documents/Quartus/Lab_4/output_files/D3.bdf          ;         ;
; output_files/BCD_counter.bdf     ; yes             ; User Block Diagram/Schematic File  ; /home/jaylen/Documents/Quartus/Lab_4/output_files/BCD_counter.bdf ;         ;
; Ripple16.bdf                     ; yes             ; User Block Diagram/Schematic File  ; /home/jaylen/Documents/Quartus/Lab_4/Ripple16.bdf                 ;         ;
; Ripple2.bdf                      ; yes             ; User Block Diagram/Schematic File  ; /home/jaylen/Documents/Quartus/Lab_4/Ripple2.bdf                  ;         ;
; ClockDivider.bdf                 ; yes             ; User Block Diagram/Schematic File  ; /home/jaylen/Documents/Quartus/Lab_4/ClockDivider.bdf             ;         ;
; BCD_counter16.bdf                ; yes             ; User Block Diagram/Schematic File  ; /home/jaylen/Documents/Quartus/Lab_4/BCD_counter16.bdf            ;         ;
; Lab3b_BCD.bdf                    ; yes             ; User Block Diagram/Schematic File  ; /home/jaylen/Documents/Quartus/Lab_4/Lab3b_BCD.bdf                ;         ;
+----------------------------------+-----------------+------------------------------------+-------------------------------------------------------------------+---------+


+--------------------------------------------------------+
; Analysis & Synthesis Resource Usage Summary            ;
+---------------------------------------------+----------+
; Resource                                    ; Usage    ;
+---------------------------------------------+----------+
; Estimated Total logic elements              ; 68       ;
;                                             ;          ;
; Total combinational functions               ; 68       ;
; Logic element usage by number of LUT inputs ;          ;
;     -- 4 input functions                    ; 26       ;
;     -- 3 input functions                    ; 8        ;
;     -- <=2 input functions                  ; 34       ;
;                                             ;          ;
; Logic elements by mode                      ;          ;
;     -- normal mode                          ; 68       ;
;     -- arithmetic mode                      ; 0        ;
;                                             ;          ;
; Total registers                             ; 42       ;
;     -- Dedicated logic registers            ; 42       ;
;     -- I/O registers                        ; 0        ;
;                                             ;          ;
; I/O pins                                    ; 13       ;
;                                             ;          ;
; Embedded Multiplier 9-bit elements          ; 0        ;
;                                             ;          ;
; Maximum fan-out node                        ; S0~input ;
; Maximum fan-out                             ; 42       ;
; Total fan-out                               ; 316      ;
; Average fan-out                             ; 2.32     ;
+---------------------------------------------+----------+


+---------------------------------------------------------------------------------------------------------------------------------------------------------------------------------------------------------------------------------------------------+
; Analysis & Synthesis Resource Utilization by Entity                                                                                                                                                                                               ;
+----------------------------+---------------------+---------------------------+-------------+--------------+---------+-----------+------+--------------+------------------------------------------------------------+---------------+--------------+
; Compilation Hierarchy Node ; Combinational ALUTs ; Dedicated Logic Registers ; Memory Bits ; DSP Elements ; DSP 9x9 ; DSP 18x18 ; Pins ; Virtual Pins ; Full Hierarchy Name                                        ; Entity Name   ; Library Name ;
+----------------------------+---------------------+---------------------------+-------------+--------------+---------+-----------+------+--------------+------------------------------------------------------------+---------------+--------------+
; |Lab3b_BCD                 ; 68 (0)              ; 42 (0)                    ; 0           ; 0            ; 0       ; 0         ; 13   ; 0            ; |Lab3b_BCD                                                 ; Lab3b_BCD     ; work         ;
;    |2_to_4_DeMUX:inst18|   ; 4 (4)               ; 0 (0)                     ; 0           ; 0            ; 0       ; 0         ; 0    ; 0            ; |Lab3b_BCD|2_to_4_DeMUX:inst18                             ; 2_to_4_DeMUX  ; work         ;
;    |4to1Mux:inst14|        ; 8 (8)               ; 0 (0)                     ; 0           ; 0            ; 0       ; 0         ; 0    ; 0            ; |Lab3b_BCD|4to1Mux:inst14                                  ; 4to1Mux       ; work         ;
;    |BCD_counter16:inst|    ; 19 (3)              ; 16 (0)                    ; 0           ; 0            ; 0       ; 0         ; 0    ; 0            ; |Lab3b_BCD|BCD_counter16:inst                              ; BCD_counter16 ; work         ;
;       |BCD_counter:inst10| ; 4 (2)               ; 4 (4)                     ; 0           ; 0            ; 0       ; 0         ; 0    ; 0            ; |Lab3b_BCD|BCD_counter16:inst|BCD_counter:inst10           ; BCD_counter   ; work         ;
;          |D1:inst9|        ; 1 (1)               ; 0 (0)                     ; 0           ; 0            ; 0       ; 0         ; 0    ; 0            ; |Lab3b_BCD|BCD_counter16:inst|BCD_counter:inst10|D1:inst9  ; D1            ; work         ;
;          |D3:inst11|       ; 1 (1)               ; 0 (0)                     ; 0           ; 0            ; 0       ; 0         ; 0    ; 0            ; |Lab3b_BCD|BCD_counter16:inst|BCD_counter:inst10|D3:inst11 ; D3            ; work         ;
;       |BCD_counter:inst13| ; 4 (2)               ; 4 (4)                     ; 0           ; 0            ; 0       ; 0         ; 0    ; 0            ; |Lab3b_BCD|BCD_counter16:inst|BCD_counter:inst13           ; BCD_counter   ; work         ;
;          |D1:inst9|        ; 1 (1)               ; 0 (0)                     ; 0           ; 0            ; 0       ; 0         ; 0    ; 0            ; |Lab3b_BCD|BCD_counter16:inst|BCD_counter:inst13|D1:inst9  ; D1            ; work         ;
;          |D3:inst11|       ; 1 (1)               ; 0 (0)                     ; 0           ; 0            ; 0       ; 0         ; 0    ; 0            ; |Lab3b_BCD|BCD_counter16:inst|BCD_counter:inst13|D3:inst11 ; D3            ; work         ;
;       |BCD_counter:inst16| ; 4 (2)               ; 4 (4)                     ; 0           ; 0            ; 0       ; 0         ; 0    ; 0            ; |Lab3b_BCD|BCD_counter16:inst|BCD_counter:inst16           ; BCD_counter   ; work         ;
;          |D1:inst9|        ; 1 (1)               ; 0 (0)                     ; 0           ; 0            ; 0       ; 0         ; 0    ; 0            ; |Lab3b_BCD|BCD_counter16:inst|BCD_counter:inst16|D1:inst9  ; D1            ; work         ;
;          |D3:inst11|       ; 1 (1)               ; 0 (0)                     ; 0           ; 0            ; 0       ; 0         ; 0    ; 0            ; |Lab3b_BCD|BCD_counter16:inst|BCD_counter:inst16|D3:inst11 ; D3            ; work         ;
;       |BCD_counter:inst|   ; 4 (2)               ; 4 (4)                     ; 0           ; 0            ; 0       ; 0         ; 0    ; 0            ; |Lab3b_BCD|BCD_counter16:inst|BCD_counter:inst             ; BCD_counter   ; work         ;
;          |D1:inst9|        ; 1 (1)               ; 0 (0)                     ; 0           ; 0            ; 0       ; 0         ; 0    ; 0            ; |Lab3b_BCD|BCD_counter16:inst|BCD_counter:inst|D1:inst9    ; D1            ; work         ;
;          |D3:inst11|       ; 1 (1)               ; 0 (0)                     ; 0           ; 0            ; 0       ; 0         ; 0    ; 0            ; |Lab3b_BCD|BCD_counter16:inst|BCD_counter:inst|D3:inst11   ; D3            ; work         ;
;    |Bin_to_Hex:inst11|     ; 7 (0)               ; 0 (0)                     ; 0           ; 0            ; 0       ; 0         ; 0    ; 0            ; |Lab3b_BCD|Bin_to_Hex:inst11                               ; Bin_to_Hex    ; work         ;
;       |A:inst|             ; 1 (1)               ; 0 (0)                     ; 0           ; 0            ; 0       ; 0         ; 0    ; 0            ; |Lab3b_BCD|Bin_to_Hex:inst11|A:inst                        ; A             ; work         ;
;       |B:inst38|           ; 1 (1)               ; 0 (0)                     ; 0           ; 0            ; 0       ; 0         ; 0    ; 0            ; |Lab3b_BCD|Bin_to_Hex:inst11|B:inst38                      ; B             ; work         ;
;       |C:inst39|           ; 1 (1)               ; 0 (0)                     ; 0           ; 0            ; 0       ; 0         ; 0    ; 0            ; |Lab3b_BCD|Bin_to_Hex:inst11|C:inst39                      ; C             ; work         ;
;       |D:inst40|           ; 1 (1)               ; 0 (0)                     ; 0           ; 0            ; 0       ; 0         ; 0    ; 0            ; |Lab3b_BCD|Bin_to_Hex:inst11|D:inst40                      ; D             ; work         ;
;       |E:inst41|           ; 1 (1)               ; 0 (0)                     ; 0           ; 0            ; 0       ; 0         ; 0    ; 0            ; |Lab3b_BCD|Bin_to_Hex:inst11|E:inst41                      ; E             ; work         ;
;       |F:inst42|           ; 1 (1)               ; 0 (0)                     ; 0           ; 0            ; 0       ; 0         ; 0    ; 0            ; |Lab3b_BCD|Bin_to_Hex:inst11|F:inst42                      ; F             ; work         ;
;       |G:inst43|           ; 1 (1)               ; 0 (0)                     ; 0           ; 0            ; 0       ; 0         ; 0    ; 0            ; |Lab3b_BCD|Bin_to_Hex:inst11|G:inst43                      ; G             ; work         ;
;    |ClockDivider:inst5|    ; 28 (0)              ; 24 (0)                    ; 0           ; 0            ; 0       ; 0         ; 0    ; 0            ; |Lab3b_BCD|ClockDivider:inst5                              ; ClockDivider  ; work         ;
;       |Ripple16:inst1|     ; 9 (1)               ; 8 (0)                     ; 0           ; 0            ; 0       ; 0         ; 0    ; 0            ; |Lab3b_BCD|ClockDivider:inst5|Ripple16:inst1               ; Ripple16      ; work         ;
;          |Ripple4:inst1|   ; 4 (4)               ; 4 (4)                     ; 0           ; 0            ; 0       ; 0         ; 0    ; 0            ; |Lab3b_BCD|ClockDivider:inst5|Ripple16:inst1|Ripple4:inst1 ; Ripple4       ; work         ;
;          |Ripple4:inst|    ; 4 (4)               ; 4 (4)                     ; 0           ; 0            ; 0       ; 0         ; 0    ; 0            ; |Lab3b_BCD|ClockDivider:inst5|Ripple16:inst1|Ripple4:inst  ; Ripple4       ; work         ;
;       |Ripple16:inst|      ; 19 (3)              ; 16 (0)                    ; 0           ; 0            ; 0       ; 0         ; 0    ; 0            ; |Lab3b_BCD|ClockDivider:inst5|Ripple16:inst                ; Ripple16      ; work         ;
;          |Ripple4:inst1|   ; 4 (4)               ; 4 (4)                     ; 0           ; 0            ; 0       ; 0         ; 0    ; 0            ; |Lab3b_BCD|ClockDivider:inst5|Ripple16:inst|Ripple4:inst1  ; Ripple4       ; work         ;
;          |Ripple4:inst2|   ; 4 (4)               ; 4 (4)                     ; 0           ; 0            ; 0       ; 0         ; 0    ; 0            ; |Lab3b_BCD|ClockDivider:inst5|Ripple16:inst|Ripple4:inst2  ; Ripple4       ; work         ;
;          |Ripple4:inst3|   ; 4 (4)               ; 4 (4)                     ; 0           ; 0            ; 0       ; 0         ; 0    ; 0            ; |Lab3b_BCD|ClockDivider:inst5|Ripple16:inst|Ripple4:inst3  ; Ripple4       ; work         ;
;          |Ripple4:inst|    ; 4 (4)               ; 4 (4)                     ; 0           ; 0            ; 0       ; 0         ; 0    ; 0            ; |Lab3b_BCD|ClockDivider:inst5|Ripple16:inst|Ripple4:inst   ; Ripple4       ; work         ;
;    |Ripple2:inst15|        ; 2 (2)               ; 2 (2)                     ; 0           ; 0            ; 0       ; 0         ; 0    ; 0            ; |Lab3b_BCD|Ripple2:inst15                                  ; Ripple2       ; work         ;
+----------------------------+---------------------+---------------------------+-------------+--------------+---------+-----------+------+--------------+------------------------------------------------------------+---------------+--------------+
Note: For table entries with two numbers listed, the numbers in parentheses indicate the number of resources of the given type used by the specific entity alone. The numbers listed outside of parentheses indicate the total resources of the given type used by the specific entity and all of its sub-entities in the hierarchy.


+------------------------------------------------------+
; General Register Statistics                          ;
+----------------------------------------------+-------+
; Statistic                                    ; Value ;
+----------------------------------------------+-------+
; Total registers                              ; 42    ;
; Number of registers using Synchronous Clear  ; 0     ;
; Number of registers using Synchronous Load   ; 0     ;
; Number of registers using Asynchronous Clear ; 42    ;
; Number of registers using Asynchronous Load  ; 0     ;
; Number of registers using Clock Enable       ; 0     ;
; Number of registers using Preset             ; 0     ;
+----------------------------------------------+-------+


+-----------------------------------------------------+
; Post-Synthesis Netlist Statistics for Top Partition ;
+-----------------------+-----------------------------+
; Type                  ; Count                       ;
+-----------------------+-----------------------------+
; boundary_port         ; 13                          ;
; cycloneiii_ff         ; 42                          ;
;     CLR               ; 42                          ;
; cycloneiii_lcell_comb ; 78                          ;
;     normal            ; 78                          ;
;         1 data inputs ; 40                          ;
;         2 data inputs ; 4                           ;
;         3 data inputs ; 8                           ;
;         4 data inputs ; 26                          ;
;                       ;                             ;
; Max LUT depth         ; 4.00                        ;
; Average LUT depth     ; 1.95                        ;
+-----------------------+-----------------------------+


+-------------------------------+
; Elapsed Time Per Partition    ;
+----------------+--------------+
; Partition Name ; Elapsed Time ;
+----------------+--------------+
; Top            ; 00:00:00     ;
+----------------+--------------+


+-------------------------------+
; Analysis & Synthesis Messages ;
+-------------------------------+
Info: *******************************************************************
Info: Running Quartus Prime Analysis & Synthesis
    Info: Version 23.1std.1 Build 993 05/14/2024 SC Lite Edition
    Info: Processing started: Thu Oct 31 00:27:15 2024
Info: Command: quartus_map --read_settings_files=on --write_settings_files=off Lab3 -c Lab3
Warning (18236): Number of processors has not been specified which may cause overloading on shared machines.  Set the global assignment NUM_PARALLEL_PROCESSORS in your QSF to an appropriate value for best performance.
Info (20030): Parallel compilation is enabled and will use 10 of the 10 processors detected
Info (12021): Found 1 design units, including 1 entities, in source file E.bdf
    Info (12023): Found entity 1: E
Info (12021): Found 1 design units, including 1 entities, in source file Ripple4.bdf
    Info (12023): Found entity 1: Ripple4
Info (12021): Found 1 design units, including 1 entities, in source file G.bdf
    Info (12023): Found entity 1: G
Info (12021): Found 1 design units, including 1 entities, in source file F.bdf
    Info (12023): Found entity 1: F
Info (12021): Found 1 design units, including 1 entities, in source file D.bdf
    Info (12023): Found entity 1: D
Info (12021): Found 1 design units, including 1 entities, in source file C.bdf
    Info (12023): Found entity 1: C
Info (12021): Found 1 design units, including 1 entities, in source file Bin_to_Hex.bdf
    Info (12023): Found entity 1: Bin_to_Hex
Info (12021): Found 1 design units, including 1 entities, in source file B.bdf
    Info (12023): Found entity 1: B
Info (12021): Found 1 design units, including 1 entities, in source file A.bdf
    Info (12023): Found entity 1: A
Info (12021): Found 1 design units, including 1 entities, in source file 4to1Mux.bdf
    Info (12023): Found entity 1: 4to1Mux
Info (12021): Found 1 design units, including 1 entities, in source file 2_to_4_DeMUX.bdf
    Info (12023): Found entity 1: 2_to_4_DeMUX
Info (12021): Found 1 design units, including 1 entities, in source file 2to4decoder.bdf
    Info (12023): Found entity 1: 2to4decoder
Info (12021): Found 1 design units, including 1 entities, in source file Lab3.bdf
    Info (12023): Found entity 1: Lab3
Info (12021): Found 1 design units, including 1 entities, in source file output_files/D0.bdf
    Info (12023): Found entity 1: D0
Info (12021): Found 1 design units, including 1 entities, in source file output_files/D1.bdf
    Info (12023): Found entity 1: D1
Info (12021): Found 1 design units, including 1 entities, in source file output_files/D2.bdf
    Info (12023): Found entity 1: D2
Info (12021): Found 1 design units, including 1 entities, in source file output_files/D3.bdf
    Info (12023): Found entity 1: D3
Info (12021): Found 1 design units, including 1 entities, in source file output_files/BCD counter.bdf
    Info (12023): Found entity 1: BCD counter
Info (12021): Found 1 design units, including 1 entities, in source file output_files/BCD_counter.bdf
    Info (12023): Found entity 1: BCD_counter
Info (12021): Found 1 design units, including 1 entities, in source file Ripple16.bdf
    Info (12023): Found entity 1: Ripple16
Info (12021): Found 1 design units, including 1 entities, in source file Ripple2.bdf
    Info (12023): Found entity 1: Ripple2
Info (12021): Found 1 design units, including 1 entities, in source file Lab3b.bdf
    Info (12023): Found entity 1: Lab3b
Info (12021): Found 1 design units, including 1 entities, in source file ClockDivider.bdf
    Info (12023): Found entity 1: ClockDivider
Info (12021): Found 1 design units, including 1 entities, in source file BCD_counter16.bdf
    Info (12023): Found entity 1: BCD_counter16
Info (12021): Found 1 design units, including 1 entities, in source file Bin_to_Hex_Bus.bdf
    Info (12023): Found entity 1: Bin_to_Hex_Bus
Info (12021): Found 1 design units, including 1 entities, in source file Lab4.bdf
    Info (12023): Found entity 1: Lab4
Info (12021): Found 1 design units, including 1 entities, in source file output_files/4to1Mux_Bus.bdf
    Info (12023): Found entity 1: 4to1Mux_Bus
Info (12021): Found 1 design units, including 1 entities, in source file 2bit_leftshift.bdf
    Info (12023): Found entity 1: 2bit_leftshift
Info (12021): Found 1 design units, including 1 entities, in source file output_files/Digit_leftshift.bdf
    Info (12023): Found entity 1: Digit_leftshift
Info (12021): Found 1 design units, including 1 entities, in source file NotSelect.bdf
    Info (12023): Found entity 1: NotSelect
Info (12021): Found 1 design units, including 1 entities, in source file output_files/Digit_shift.bdf
    Info (12023): Found entity 1: Digit_shift
Info (12021): Found 1 design units, including 1 entities, in source file output_files/SSD_Driver.bdf
    Info (12023): Found entity 1: SSD_Driver
Info (12021): Found 1 design units, including 1 entities, in source file Debouncer.bdf
    Info (12023): Found entity 1: Debouncer
Info (12021): Found 1 design units, including 1 entities, in source file Lab4b.bdf
    Info (12023): Found entity 1: Lab4b
Info (12021): Found 1 design units, including 1 entities, in source file Sequence_recogniser.bdf
    Info (12023): Found entity 1: Sequence_recogniser
Info (12021): Found 1 design units, including 1 entities, in source file TEST.bdf
    Info (12023): Found entity 1: TEST
Info (12021): Found 1 design units, including 1 entities, in source file output_files/BCD_counter_Bus.bdf
    Info (12023): Found entity 1: BCD_counter_Bus
Info (12021): Found 1 design units, including 1 entities, in source file Ripple16_Bus.bdf
    Info (12023): Found entity 1: Ripple16_Bus
Info (12021): Found 1 design units, including 1 entities, in source file output_files/Full_Adder.bdf
    Info (12023): Found entity 1: Full_Adder
Info (12021): Found 1 design units, including 1 entities, in source file Operand_Logic.bdf
    Info (12023): Found entity 1: Operand_Logic
Info (12021): Found 1 design units, including 1 entities, in source file Logic_Circuit.bdf
    Info (12023): Found entity 1: Logic_Circuit
Info (12021): Found 1 design units, including 1 entities, in source file Lab3_BCD.bdf
    Info (12023): Found entity 1: Lab3_BCD
Info (12021): Found 1 design units, including 1 entities, in source file Lab3b_BCD.bdf
    Info (12023): Found entity 1: Lab3b_BCD
Info (12127): Elaborating entity "Lab3b_BCD" for the top level hierarchy
Info (12128): Elaborating entity "Bin_to_Hex" for hierarchy "Bin_to_Hex:inst11"
Warning (275011): Block or symbol "NOT" of instance "inst6" overlaps another block or symbol
Warning (275011): Block or symbol "NOT" of instance "inst8" overlaps another block or symbol
Warning (275011): Block or symbol "NOT" of instance "inst10" overlaps another block or symbol
Warning (275011): Block or symbol "NOT" of instance "inst12" overlaps another block or symbol
Info (12128): Elaborating entity "A" for hierarchy "Bin_to_Hex:inst11|A:inst"
Info (12128): Elaborating entity "B" for hierarchy "Bin_to_Hex:inst11|B:inst38"
Info (12128): Elaborating entity "C" for hierarchy "Bin_to_Hex:inst11|C:inst39"
Info (12128): Elaborating entity "D" for hierarchy "Bin_to_Hex:inst11|D:inst40"
Info (12128): Elaborating entity "E" for hierarchy "Bin_to_Hex:inst11|E:inst41"
Info (12128): Elaborating entity "F" for hierarchy "Bin_to_Hex:inst11|F:inst42"
Info (12128): Elaborating entity "G" for hierarchy "Bin_to_Hex:inst11|G:inst43"
Info (12128): Elaborating entity "4to1Mux" for hierarchy "4to1Mux:inst14"
Warning (275083): Bus "out1[3..0]" found using same base name as "out", which might lead to a name conflict.
Warning (275083): Bus "out2[3..0]" found using same base name as "out", which might lead to a name conflict.
Warning (275083): Bus "out3[3..0]" found using same base name as "out", which might lead to a name conflict.
Warning (275080): Converted elements in bus name "out" using legacy naming rules. Make any assignments on the new names, not on the original names.
    Warning (275081): Converted element name(s) from "out[3..0]" to "out3..0"
    Warning (275081): Converted element name(s) from "out[0]" to "out0"
    Warning (275081): Converted element name(s) from "out[1]" to "out1"
    Warning (275081): Converted element name(s) from "out[2]" to "out2"
    Warning (275081): Converted element name(s) from "out[3]" to "out3"
Warning (275080): Converted elements in bus name "out1" using legacy naming rules. Make any assignments on the new names, not on the original names.
    Warning (275081): Converted element name(s) from "out1[3..0]" to "out13..0"
Warning (275080): Converted elements in bus name "out2" using legacy naming rules. Make any assignments on the new names, not on the original names.
    Warning (275081): Converted element name(s) from "out2[3..0]" to "out23..0"
Warning (275080): Converted elements in bus name "out3" using legacy naming rules. Make any assignments on the new names, not on the original names.
    Warning (275081): Converted element name(s) from "out3[3..0]" to "out33..0"
Info (12128): Elaborating entity "BCD_counter16" for hierarchy "BCD_counter16:inst"
Info (12128): Elaborating entity "BCD_counter" for hierarchy "BCD_counter16:inst|BCD_counter:inst"
Info (12128): Elaborating entity "D0" for hierarchy "BCD_counter16:inst|BCD_counter:inst|D0:inst8"
Info (12128): Elaborating entity "D1" for hierarchy "BCD_counter16:inst|BCD_counter:inst|D1:inst9"
Info (12128): Elaborating entity "D3" for hierarchy "BCD_counter16:inst|BCD_counter:inst|D3:inst11"
Info (12128): Elaborating entity "D2" for hierarchy "BCD_counter16:inst|BCD_counter:inst|D2:inst10"
Info (12128): Elaborating entity "ClockDivider" for hierarchy "ClockDivider:inst5"
Info (12128): Elaborating entity "Ripple16" for hierarchy "ClockDivider:inst5|Ripple16:inst1"
Info (12128): Elaborating entity "Ripple4" for hierarchy "ClockDivider:inst5|Ripple16:inst1|Ripple4:inst"
Info (12128): Elaborating entity "Ripple2" for hierarchy "Ripple2:inst15"
Info (12128): Elaborating entity "2_to_4_DeMUX" for hierarchy "2_to_4_DeMUX:inst18"
Info (286030): Timing-Driven Synthesis is running
Info (16010): Generating hard_block partition "hard_block:auto_generated_inst"
    Info (16011): Adding 0 node(s), including 0 DDIO, 0 PLL, 0 transceiver and 0 LCELL
Info (21057): Implemented 81 device resources after synthesis - the final resource count might be different
    Info (21058): Implemented 2 input pins
    Info (21059): Implemented 11 output pins
    Info (21061): Implemented 68 logic cells
Info: Quartus Prime Analysis & Synthesis was successful. 0 errors, 20 warnings
    Info: Peak virtual memory: 679 megabytes
    Info: Processing ended: Thu Oct 31 00:27:23 2024
    Info: Elapsed time: 00:00:08
    Info: Total CPU time (on all processors): 00:00:18


